Determining if the pthread_create exist failed with the following output:
Change Dir: /home/constantinoflouras/Desktop/GIT/CHIP-8/CMakeFiles/CMakeTmp

Run Build Command:"/usr/bin/make" "cmTC_21573/fast"
/usr/bin/make -f CMakeFiles/cmTC_21573.dir/build.make CMakeFiles/cmTC_21573.dir/build
make[1]: Entering directory `/home/constantinoflouras/Desktop/GIT/CHIP-8/CMakeFiles/CMakeTmp'
Building C object CMakeFiles/cmTC_21573.dir/CheckSymbolExists.c.o
/usr/bin/cc    -o CMakeFiles/cmTC_21573.dir/CheckSymbolExists.c.o   -c /home/constantinoflouras/Desktop/GIT/CHIP-8/CMakeFiles/CMakeTmp/CheckSymbolExists.c
Linking C executable cmTC_21573
/usr/local/bin/cmake -E cmake_link_script CMakeFiles/cmTC_21573.dir/link.txt --verbose=1
/usr/bin/cc      CMakeFiles/cmTC_21573.dir/CheckSymbolExists.c.o  -o cmTC_21573 
CMakeFiles/cmTC_21573.dir/CheckSymbolExists.c.o: In function `main':
CheckSymbolExists.c:(.text+0x16): undefined reference to `pthread_create'
collect2: error: ld returned 1 exit status
make[1]: *** [cmTC_21573] Error 1
make[1]: Leaving directory `/home/constantinoflouras/Desktop/GIT/CHIP-8/CMakeFiles/CMakeTmp'
make: *** [cmTC_21573/fast] Error 2

File /home/constantinoflouras/Desktop/GIT/CHIP-8/CMakeFiles/CMakeTmp/CheckSymbolExists.c:
/* */
#include <pthread.h>

int main(int argc, char** argv)
{
  (void)argv;
#ifndef pthread_create
  return ((int*)(&pthread_create))[argc];
#else
  (void)argc;
  return 0;
#endif
}

Determining if the function pthread_create exists in the pthreads failed with the following output:
Change Dir: /home/constantinoflouras/Desktop/GIT/CHIP-8/CMakeFiles/CMakeTmp

Run Build Command:"/usr/bin/make" "cmTC_1ad84/fast"
/usr/bin/make -f CMakeFiles/cmTC_1ad84.dir/build.make CMakeFiles/cmTC_1ad84.dir/build
make[1]: Entering directory `/home/constantinoflouras/Desktop/GIT/CHIP-8/CMakeFiles/CMakeTmp'
Building C object CMakeFiles/cmTC_1ad84.dir/CheckFunctionExists.c.o
/usr/bin/cc   -DCHECK_FUNCTION_EXISTS=pthread_create   -o CMakeFiles/cmTC_1ad84.dir/CheckFunctionExists.c.o   -c /usr/local/share/cmake-3.10/Modules/CheckFunctionExists.c
Linking C executable cmTC_1ad84
/usr/local/bin/cmake -E cmake_link_script CMakeFiles/cmTC_1ad84.dir/link.txt --verbose=1
/usr/bin/cc  -DCHECK_FUNCTION_EXISTS=pthread_create    CMakeFiles/cmTC_1ad84.dir/CheckFunctionExists.c.o  -o cmTC_1ad84 -lpthreads 
/usr/bin/ld: cannot find -lpthreads
collect2: error: ld returned 1 exit status
make[1]: *** [cmTC_1ad84] Error 1
make[1]: Leaving directory `/home/constantinoflouras/Desktop/GIT/CHIP-8/CMakeFiles/CMakeTmp'
make: *** [cmTC_1ad84/fast] Error 2


